<?xml version="1.0" encoding="UTF-8"?>
<!-- Generated by org.testng.reporters.JUnitXMLReporter -->
<testsuite hostname="DESKTOP-7NL2ORJ" ignored="0" name="Surefire test" tests="6" failures="0" timestamp="2022-03-31T20:30:05 IST" time="0.239" errors="0">
  <testcase name="apifirst" time="0.024" classname="qaclickacademy.ApiTest"/>
  <testcase name="apisecon" time="0.001" classname="qaclickacademy.ApiTest"/>
  <testcase name="appifirst" time="0.001" classname="qaclickacademy.AppiumTest"/>
  <testcase name="appisecond" time="0.001" classname="qaclickacademy.AppiumTest"/>
  <testcase name="selefirst" time="0.006" classname="qaclickacademy.SeleniumTest"/>
  <testcase name="selesecond" time="0.008" classname="qaclickacademy.SeleniumTest"/>
</testsuite> <!-- Surefire test -->
