<?xml version="1.0" encoding="UTF-8"?>
<!-- Generated by org.testng.reporters.JUnitXMLReporter -->
<testsuite hostname="DESKTOP-7NL2ORJ" ignored="0" name="Test" tests="4" failures="0" timestamp="2022-03-31T20:45:58 IST" time="0.103" errors="0">
  <testcase name="selefirst" time="0.017" classname="qaclickacademy.SeleniumTest"/>
  <testcase name="selesecond" time="0.001" classname="qaclickacademy.SeleniumTest"/>
  <testcase name="apifirst" time="0.001" classname="qaclickacademy.ApiTest"/>
  <testcase name="apisecon" time="0.001" classname="qaclickacademy.ApiTest"/>
</testsuite> <!-- Test -->
